$ pnpm run typecheck && pnpm -r --if-present run build "--ignore-scripts"
$ pnpm run typecheck:libs && pnpm -r --filter "./artifacts/**" --filter "./scripts" --if-present run typecheck
$ tsc --build
Scope: 4 of 9 workspace projects
artifacts/api-server typecheck$ tsc -p tsconfig.json --noEmit
artifacts/image-grabber typecheck$ tsc -p tsconfig.json --noEmit
scripts typecheck$ tsc -p tsconfig.json --noEmit
artifacts/mockup-sandbox typecheck$ tsc -p tsconfig.json --noEmit
scripts typecheck: Done
artifacts/api-server typecheck: Done
artifacts/mockup-sandbox typecheck: Done
artifacts/image-grabber typecheck: Done
Scope: 8 of 9 workspace projects
artifacts/mockup-sandbox build$ vite build "--ignore-scripts"
artifacts/mockup-sandbox build: file:///C:/Users/Administrator/Documents/Tasks/Works.Dump/image-grabber-project/node_modules/.pnpm/vite@7.3.2_@types+node@25.3_d5269a53d302b42e602832b0eaecec0c/node_modules/vite/dist/node/cli.js:311
artifacts/mockup-sandbox build: 			for (const name of Object.keys(options)) if (name !== "--" && !this.hasOption(name) && !globalCommand.hasOption(name)) throw new CACError(`Unknown option \`${name.length > 1 ? `--${name}` : `-${name}`}\``);
artifacts/mockup-sandbox build: 			                                                                                                                             ^
artifacts/mockup-sandbox build: CACError: Unknown option `--ignoreScripts`
artifacts/mockup-sandbox build:     at Command.checkUnknownOptions (file:///C:/Users/Administrator/Documents/Tasks/Works.Dump/image-grabber-project/node_modules/.pnpm/vite@7.3.2_@types+node@25.3_d5269a53d302b42e602832b0eaecec0c/node_modules/vite/dist/node/cli.js:311:129)
artifacts/mockup-sandbox build:     at CAC.runMatchedCommand (file:///C:/Users/Administrator/Documents/Tasks/Works.Dump/image-grabber-project/node_modules/.pnpm/vite@7.3.2_@types+node@25.3_d5269a53d302b42e602832b0eaecec0c/node_modules/vite/dist/node/cli.js:473:11)
artifacts/mockup-sandbox build:     at CAC.parse (file:///C:/Users/Administrator/Documents/Tasks/Works.Dump/image-grabber-project/node_modules/.pnpm/vite@7.3.2_@types+node@25.3_d5269a53d302b42e602832b0eaecec0c/node_modules/vite/dist/node/cli.js:430:17)
artifacts/mockup-sandbox build:     at file:///C:/Users/Administrator/Documents/Tasks/Works.Dump/image-grabber-project/node_modules/.pnpm/vite@7.3.2_@types+node@25.3_d5269a53d302b42e602832b0eaecec0c/node_modules/vite/dist/node/cli.js:695:5
artifacts/mockup-sandbox build:     at ModuleJob.run (node:internal/modules/esm/module_job:447:25)
artifacts/mockup-sandbox build:     at async node:internal/modules/esm/loader:646:26
artifacts/mockup-sandbox build: Node.js v26.4.0
artifacts/mockup-sandbox build: Failed
C:\Users\Administrator\Documents\Tasks\Works.Dump\image-grabber-project\artifacts\mockup-sandbox:
[ERR_PNPM_RECURSIVE_RUN_FIRST_FAIL] @workspace/mockup-sandbox@2.0.0 build: `vite build "--ignore-scripts"`
Exit status 1
[ELIFECYCLE] Command failed with exit code 1.
